<?xml version="1.0" encoding="UTF-8"?>
<!-- Generated by org.testng.reporters.JUnitReportReporter -->
<testsuite hostname="Sowmyawalker" failures="0" tests="1" name="testscript.TC001" time="6.409" errors="0" timestamp="7 Sep 2023 12:04:20 GMT">
  <testcase classname="testscript.TC001" name="tc001" time="6.409"/>
</testsuite> <!-- testscript.TC001 -->
