<?xml version="1.0" encoding="UTF-8"?>
<!-- Generated by org.testng.reporters.JUnitReportReporter -->
<testsuite hostname="Sowmyawalker" failures="0" tests="1" name="com.hrms.testscript.TC001" time="6.713" errors="0" timestamp="2023-09-07T16:43:33 IST" skipped="0">
  <testcase classname="com.hrms.testscript.TC001" name="TC001" time="6.713">
    <system-out>
      <![CDATA[Application Opened]]>
    </system-out>
  </testcase> <!-- TC001 -->
  <system-out>
    <![CDATA[Application Opened]]>
  </system-out>
</testsuite> <!-- com.hrms.testscript.TC001 -->
