<?xml version="1.0" encoding="UTF-8"?>
<!-- Generated by org.testng.reporters.JUnitReportReporter -->
<testsuite hostname="Sowmyawalker" failures="0" tests="4" name="Testngexamples.EXP_testing2" time="0.006" errors="0" timestamp="2023-09-06T15:33:36 IST" skipped="0">
  <testcase classname="Testngexamples.EXP_testing2" name="logout" time="0.002"/>
  <testcase classname="Testngexamples.EXP_testing2" name="login" time="0.001"/>
  <testcase classname="Testngexamples.EXP_testing2" name="delemp" time="0.001"/>
  <testcase classname="Testngexamples.EXP_testing2" name="addemp" time="0.002"/>
</testsuite> <!-- Testngexamples.EXP_testing2 -->
