<?xml version="1.0" encoding="UTF-8"?>
<!-- Generated by org.testng.reporters.JUnitReportReporter -->
<testsuite hostname="Sowmyawalker" failures="0" tests="2" name="Testngexamples.Exp_testng" time="0.013" errors="0" timestamp="2023-09-06T15:33:36 IST" skipped="0">
  <testcase classname="Testngexamples.Exp_testng" name="delemp" time="0.010"/>
  <testcase classname="Testngexamples.Exp_testng" name="addemp" time="0.003"/>
</testsuite> <!-- Testngexamples.Exp_testng -->
