<?xml version="1.0" encoding="UTF-8"?>
<!-- Generated by org.testng.reporters.JUnitReportReporter -->
<testsuite hostname="Sowmyawalker" failures="0" tests="2" name="Testngexamples.Exp_testing3" time="0.002" errors="0" timestamp="2023-09-06T15:33:36 IST" skipped="0">
  <testcase classname="Testngexamples.Exp_testing3" name="logout" time="0.001"/>
  <testcase classname="Testngexamples.Exp_testing3" name="login" time="0.001"/>
</testsuite> <!-- Testngexamples.Exp_testing3 -->
